Starting Scraper run at 2026-03-22 12:02:47.641327-03:00
[2026-03-22 12:02:47] Processing channel: fx
[2026-03-22 12:02:48] Saved: schedule/fx.json
[2026-03-22 12:02:48] Processing channel: de-pelicula
[2026-03-22 12:02:49] Saved: schedule/de-pelicula.json
[2026-03-22 12:02:49] Processing channel: discovery-kids
[2026-03-22 12:02:50] Saved: schedule/discovery-kids.json
[2026-03-22 12:02:50] Processing channel: discovery-channel
[2026-03-22 12:02:51] Saved: schedule/discovery-channel.json
[2026-03-22 12:02:51] Processing channel: espn
[2026-03-22 12:02:52] Saved: schedule/espn.json
[2026-03-22 12:02:52] Processing channel: history
[2026-03-22 12:02:53] Saved: schedule/history.json
[2026-03-22 12:02:53] Processing channel: tv-unam
[2026-03-22 12:02:54] Saved: schedule/tv-unam.json
[2026-03-22 12:02:54] Processing channel: xeipn-canal-11
[2026-03-22 12:02:56] Saved: schedule/xeipn-canal-11.json
[2026-03-22 12:02:56] Processing channel: canal-22-conaculta
[2026-03-22 12:02:58] Saved: schedule/canal-22-conaculta.json
[2026-03-22 12:02:58] Processing channel: canal-21-nacional
[2026-03-22 12:03:00] Warning: No schedule found for canal-21-nacional (Today)
[2026-03-22 12:03:00] Warning: No schedule found for canal-21-nacional (Tomorrow)
[2026-03-22 12:03:00] Saved: schedule/canal-21-nacional.json
[2026-03-22 12:03:00] Processing channel: canal-5-galavision
[2026-03-22 12:03:01] Saved: schedule/canal-5-galavision.json
[2026-03-22 12:03:01] Processing channel: canal-44-udgtv
[2026-03-22 12:03:03] Saved: schedule/canal-44-udgtv.json
[2026-03-22 12:03:03] Processing channel: tnt-hd
[2026-03-22 12:03:04] Saved: schedule/tnt-hd.json
[2026-03-22 12:03:04] Processing channel: tcm
[2026-03-22 12:03:04] Saved: schedule/tcm.json
[2026-03-22 12:03:04] Processing channel: golf-channel
[2026-03-22 12:03:05] Warning: No schedule found for golf-channel (Today)
[2026-03-22 12:03:05] Warning: No schedule found for golf-channel (Tomorrow)
[2026-03-22 12:03:05] Saved: schedule/golf-channel.json
[2026-03-22 12:03:05] Processing channel: cnn-en-espanol
[2026-03-22 12:03:07] Saved: schedule/cnn-en-espanol.json
[2026-03-22 12:03:07] Processing channel: el-financiero-bloomberg
[2026-03-22 12:03:08] Saved: schedule/el-financiero-bloomberg.json
[2026-03-22 12:03:08] Processing channel: bbc-world
[2026-03-22 12:03:09] Warning: No schedule found for bbc-world (Today)
[2026-03-22 12:03:09] Warning: No schedule found for bbc-world (Tomorrow)
[2026-03-22 12:03:09] Saved: schedule/bbc-world.json
[2026-03-22 12:03:09] Processing channel: nuestra-tele-noticias-24hs
[2026-03-22 12:03:10] Warning: No schedule found for nuestra-tele-noticias-24hs (Today)
[2026-03-22 12:03:10] Warning: No schedule found for nuestra-tele-noticias-24hs (Tomorrow)
[2026-03-22 12:03:10] Saved: schedule/nuestra-tele-noticias-24hs.json
[2026-03-22 12:03:10] Processing channel: antena3
[2026-03-22 12:03:10] Warning: No schedule found for antena3 (Today)
[2026-03-22 12:03:10] Warning: No schedule found for antena3 (Tomorrow)
[2026-03-22 12:03:10] Saved: schedule/antena3.json
[2026-03-22 12:03:10] Processing channel: galicia-tv
[2026-03-22 12:03:11] Warning: No schedule found for galicia-tv (Today)
[2026-03-22 12:03:11] Warning: No schedule found for galicia-tv (Tomorrow)
[2026-03-22 12:03:11] Saved: schedule/galicia-tv.json
[2026-03-22 12:03:11] Processing channel: azteca-13
[2026-03-22 12:03:12] Saved: schedule/azteca-13.json
[2026-03-22 12:03:12] Processing channel: canal-de-las-estrellas-xew
[2026-03-22 12:03:13] Saved: schedule/canal-de-las-estrellas-xew.json
[2026-03-22 12:03:13] Processing channel: xh-gc-canal-5
[2026-03-22 12:03:13] Saved: schedule/xh-gc-canal-5.json
[2026-03-22 12:03:13] Processing channel: cadenatres
[2026-03-22 12:03:14] Saved: schedule/cadenatres.json
[2026-03-22 12:03:14] Processing channel: canal-4-foro-tv
[2026-03-22 12:03:14] Saved: schedule/canal-4-foro-tv.json
[2026-03-22 12:03:14] Processing channel: proyecto-40
[2026-03-22 12:03:15] Saved: schedule/proyecto-40.json
[2026-03-22 12:03:15] Processing channel: a-plus
[2026-03-22 12:03:15] Saved: schedule/a-plus.json
[2026-03-22 12:03:15] Processing channel: fox
[2026-03-22 12:03:16] Saved: schedule/fox.json
[2026-03-22 12:03:16] Processing channel: sony
[2026-03-22 12:03:16] Saved: schedule/sony.json
[2026-03-22 12:03:16] Processing channel: warner
[2026-03-22 12:03:17] Saved: schedule/warner.json
[2026-03-22 12:03:17] Processing channel: universal-channel
[2026-03-22 12:03:17] Saved: schedule/universal-channel.json
[2026-03-22 12:03:17] Processing channel: a-e-mundo
[2026-03-22 12:03:18] Saved: schedule/a-e-mundo.json
[2026-03-22 12:03:18] Processing channel: axn
[2026-03-22 12:03:18] Saved: schedule/axn.json
[2026-03-22 12:03:18] Processing channel: hola-tv
[2026-03-22 12:03:19] Warning: No schedule found for hola-tv (Today)
[2026-03-22 12:03:19] Warning: No schedule found for hola-tv (Tomorrow)
[2026-03-22 12:03:19] Saved: schedule/hola-tv.json
[2026-03-22 12:03:19] Processing channel: az-corazon
[2026-03-22 12:03:19] Saved: schedule/az-corazon.json
[2026-03-22 12:03:19] Processing channel: entertainment
[2026-03-22 12:03:20] Saved: schedule/entertainment.json
[2026-03-22 12:03:20] Processing channel: discovery-id
[2026-03-22 12:03:20] Saved: schedule/discovery-id.json
[2026-03-22 12:03:20] Processing channel: el-gourmet
[2026-03-22 12:03:21] Saved: schedule/el-gourmet.json
[2026-03-22 12:03:21] Processing channel: distrito-comedia
[2026-03-22 12:03:21] Saved: schedule/distrito-comedia.json
[2026-03-22 12:03:21] Scraper finished.
